<?xml version="1.0" encoding="UTF-8"?>
<coverage generated="1773149652101" clover="3.2.0">
  <project timestamp="1773149652102" name="All files">
    <metrics statements="255" coveredstatements="235" conditionals="94" coveredconditionals="79" methods="51" coveredmethods="46" elements="400" coveredelements="360" complexity="0" loc="255" ncloc="255" packages="10" files="29" classes="29"/>
    <package name="src">
      <metrics statements="9" coveredstatements="9" conditionals="0" coveredconditionals="0" methods="0" coveredmethods="0"/>
      <file name="app.ts" path="C:\Projetos\notas-fiscais\backend\src\app.ts">
        <metrics statements="9" coveredstatements="9" conditionals="0" coveredconditionals="0" methods="0" coveredmethods="0"/>
        <line num="11" count="4" type="stmt"/>
        <line num="13" count="4" type="stmt"/>
        <line num="14" count="4" type="stmt"/>
        <line num="15" count="4" type="stmt"/>
        <line num="16" count="4" type="stmt"/>
        <line num="21" count="4" type="stmt"/>
        <line num="23" count="4" type="stmt"/>
        <line num="25" count="4" type="stmt"/>
        <line num="26" count="4" type="stmt"/>
      </file>
    </package>
    <package name="src.config">
      <metrics statements="6" coveredstatements="4" conditionals="2" coveredconditionals="1" methods="0" coveredmethods="0"/>
      <file name="env.ts" path="C:\Projetos\notas-fiscais\backend\src\config\env.ts">
        <metrics statements="6" coveredstatements="4" conditionals="2" coveredconditionals="1" methods="0" coveredmethods="0"/>
        <line num="3" count="4" type="stmt"/>
        <line num="15" count="4" type="stmt"/>
        <line num="17" count="4" type="cond" truecount="1" falsecount="1"/>
        <line num="18" count="0" type="stmt"/>
        <line num="19" count="0" type="stmt"/>
        <line num="22" count="4" type="stmt"/>
      </file>
    </package>
    <package name="src.controllers">
      <metrics statements="59" coveredstatements="56" conditionals="0" coveredconditionals="0" methods="11" coveredmethods="11"/>
      <file name="auth.controller.ts" path="C:\Projetos\notas-fiscais\backend\src\controllers\auth.controller.ts">
        <metrics statements="10" coveredstatements="10" conditionals="0" coveredconditionals="0" methods="2" coveredmethods="2"/>
        <line num="12" count="3" type="stmt"/>
        <line num="13" count="3" type="stmt"/>
        <line num="14" count="3" type="stmt"/>
        <line num="15" count="1" type="stmt"/>
        <line num="17" count="2" type="stmt"/>
        <line num="26" count="7" type="stmt"/>
        <line num="27" count="7" type="stmt"/>
        <line num="28" count="7" type="stmt"/>
        <line num="29" count="1" type="stmt"/>
        <line num="31" count="6" type="stmt"/>
      </file>
      <file name="health.controller.ts" path="C:\Projetos\notas-fiscais\backend\src\controllers\health.controller.ts">
        <metrics statements="2" coveredstatements="2" conditionals="0" coveredconditionals="0" methods="1" coveredmethods="1"/>
        <line num="5" count="2" type="stmt"/>
        <line num="6" count="2" type="stmt"/>
      </file>
      <file name="invoice.controller.ts" path="C:\Projetos\notas-fiscais\backend\src\controllers\invoice.controller.ts">
        <metrics statements="47" coveredstatements="44" conditionals="0" coveredconditionals="0" methods="8" coveredmethods="8"/>
        <line num="27" count="6" type="stmt"/>
        <line num="28" count="6" type="stmt"/>
        <line num="29" count="6" type="stmt"/>
        <line num="30" count="6" type="stmt"/>
        <line num="31" count="3" type="stmt"/>
        <line num="33" count="3" type="stmt"/>
        <line num="42" count="21" type="stmt"/>
        <line num="43" count="21" type="stmt"/>
        <line num="44" count="21" type="stmt"/>
        <line num="45" count="21" type="stmt"/>
        <line num="46" count="17" type="stmt"/>
        <line num="48" count="4" type="stmt"/>
        <line num="57" count="2" type="stmt"/>
        <line num="58" count="2" type="stmt"/>
        <line num="59" count="2" type="stmt"/>
        <line num="60" count="2" type="stmt"/>
        <line num="62" count="0" type="stmt"/>
        <line num="71" count="2" type="stmt"/>
        <line num="72" count="2" type="stmt"/>
        <line num="73" count="2" type="stmt"/>
        <line num="74" count="2" type="stmt"/>
        <line num="76" count="0" type="stmt"/>
        <line num="85" count="2" type="stmt"/>
        <line num="86" count="2" type="stmt"/>
        <line num="87" count="2" type="stmt"/>
        <line num="88" count="2" type="stmt"/>
        <line num="89" count="2" type="stmt"/>
        <line num="91" count="0" type="stmt"/>
        <line num="100" count="5" type="stmt"/>
        <line num="101" count="5" type="stmt"/>
        <line num="102" count="5" type="stmt"/>
        <line num="103" count="5" type="stmt"/>
        <line num="104" count="1" type="stmt"/>
        <line num="106" count="4" type="stmt"/>
        <line num="115" count="4" type="stmt"/>
        <line num="116" count="4" type="stmt"/>
        <line num="117" count="4" type="stmt"/>
        <line num="118" count="4" type="stmt"/>
        <line num="119" count="4" type="stmt"/>
        <line num="120" count="1" type="stmt"/>
        <line num="122" count="3" type="stmt"/>
        <line num="131" count="3" type="stmt"/>
        <line num="132" count="3" type="stmt"/>
        <line num="133" count="3" type="stmt"/>
        <line num="134" count="3" type="stmt"/>
        <line num="135" count="1" type="stmt"/>
        <line num="137" count="2" type="stmt"/>
      </file>
    </package>
    <package name="src.errors">
      <metrics statements="4" coveredstatements="0" conditionals="1" coveredconditionals="0" methods="1" coveredmethods="0"/>
      <file name="app-error.ts" path="C:\Projetos\notas-fiscais\backend\src\errors\app-error.ts">
        <metrics statements="4" coveredstatements="0" conditionals="1" coveredconditionals="0" methods="1" coveredmethods="0"/>
        <line num="6" count="0" type="stmt"/>
        <line num="7" count="0" type="stmt"/>
        <line num="8" count="0" type="stmt"/>
        <line num="10" count="0" type="stmt"/>
      </file>
    </package>
    <package name="src.lib">
      <metrics statements="16" coveredstatements="15" conditionals="6" coveredconditionals="5" methods="6" coveredmethods="5"/>
      <file name="logger.ts" path="C:\Projetos\notas-fiscais\backend\src\lib\logger.ts">
        <metrics statements="4" coveredstatements="3" conditionals="0" coveredconditionals="0" methods="3" coveredmethods="2"/>
        <line num="2" count="76" type="stmt"/>
        <line num="6" count="23" type="stmt"/>
        <line num="10" count="0" type="stmt"/>
        <line num="13" count="4" type="stmt"/>
      </file>
      <file name="prisma.ts" path="C:\Projetos\notas-fiscais\backend\src\lib\prisma.ts">
        <metrics statements="5" coveredstatements="5" conditionals="4" coveredconditionals="3" methods="1" coveredmethods="1"/>
        <line num="3" count="4" type="stmt"/>
        <line num="4" count="4" type="stmt"/>
        <line num="14" count="4" type="cond" truecount="2" falsecount="0"/>
        <line num="16" count="4" type="cond" truecount="1" falsecount="1"/>
        <line num="17" count="4" type="stmt"/>
      </file>
      <file name="validate.ts" path="C:\Projetos\notas-fiscais\backend\src\lib\validate.ts">
        <metrics statements="7" coveredstatements="7" conditionals="2" coveredconditionals="2" methods="2" coveredmethods="2"/>
        <line num="4" count="55" type="stmt"/>
        <line num="6" count="55" type="cond" truecount="2" falsecount="0"/>
        <line num="7" count="12" type="stmt"/>
        <line num="9" count="10" type="stmt"/>
        <line num="10" count="10" type="stmt"/>
        <line num="12" count="10" type="stmt"/>
        <line num="15" count="45" type="stmt"/>
      </file>
    </package>
    <package name="src.middlewares">
      <metrics statements="33" coveredstatements="30" conditionals="20" coveredconditionals="13" methods="8" coveredmethods="6"/>
      <file name="auth.middleware.ts" path="C:\Projetos\notas-fiscais\backend\src\middlewares\auth.middleware.ts">
        <metrics statements="10" coveredstatements="10" conditionals="4" coveredconditionals="4" methods="1" coveredmethods="1"/>
        <line num="17" count="47" type="stmt"/>
        <line num="19" count="47" type="cond" truecount="4" falsecount="0"/>
        <line num="20" count="1" type="stmt"/>
        <line num="21" count="1" type="stmt"/>
        <line num="24" count="46" type="stmt"/>
        <line num="26" count="46" type="stmt"/>
        <line num="27" count="46" type="stmt"/>
        <line num="31" count="46" type="stmt"/>
        <line num="32" count="46" type="stmt"/>
        <line num="34" count="1" type="stmt"/>
      </file>
      <file name="error.middleware.ts" path="C:\Projetos\notas-fiscais\backend\src\middlewares\error.middleware.ts">
        <metrics statements="9" coveredstatements="8" conditionals="16" coveredconditionals="9" methods="1" coveredmethods="1"/>
        <line num="12" count="24" type="cond" truecount="2" falsecount="0"/>
        <line num="16" count="1" type="stmt"/>
        <line num="20" count="1" type="stmt"/>
        <line num="24" count="23" type="cond" truecount="1" falsecount="1"/>
        <line num="30" count="24" type="cond" truecount="2" falsecount="2"/>
        <line num="32" count="24" type="cond" truecount="1" falsecount="1"/>
        <line num="33" count="0" type="cond" truecount="0" falsecount="2"/>
        <line num="35" count="23" type="stmt"/>
        <line num="38" count="23" type="stmt"/>
      </file>
      <file name="not-found.middleware.ts" path="C:\Projetos\notas-fiscais\backend\src\middlewares\not-found.middleware.ts">
        <metrics statements="1" coveredstatements="0" conditionals="0" coveredconditionals="0" methods="1" coveredmethods="0"/>
        <line num="8" count="0" type="stmt"/>
      </file>
      <file name="rate-limit.middleware.ts" path="C:\Projetos\notas-fiscais\backend\src\middlewares\rate-limit.middleware.ts">
        <metrics statements="4" coveredstatements="3" conditionals="0" coveredconditionals="0" methods="2" coveredmethods="1"/>
        <line num="3" count="4" type="stmt"/>
        <line num="7" count="17" type="stmt"/>
        <line num="14" count="4" type="stmt"/>
        <line num="18" count="0" type="stmt"/>
      </file>
      <file name="request-id.middleware.ts" path="C:\Projetos\notas-fiscais\backend\src\middlewares\request-id.middleware.ts">
        <metrics statements="4" coveredstatements="4" conditionals="0" coveredconditionals="0" methods="1" coveredmethods="1"/>
        <line num="17" count="76" type="stmt"/>
        <line num="18" count="76" type="stmt"/>
        <line num="19" count="76" type="stmt"/>
        <line num="20" count="76" type="stmt"/>
      </file>
      <file name="request-logger.middleware.ts" path="C:\Projetos\notas-fiscais\backend\src\middlewares\request-logger.middleware.ts">
        <metrics statements="5" coveredstatements="5" conditionals="0" coveredconditionals="0" methods="2" coveredmethods="2"/>
        <line num="9" count="76" type="stmt"/>
        <line num="11" count="76" type="stmt"/>
        <line num="12" count="76" type="stmt"/>
        <line num="13" count="76" type="stmt"/>
        <line num="18" count="76" type="stmt"/>
      </file>
    </package>
    <package name="src.routes">
      <metrics statements="20" coveredstatements="20" conditionals="0" coveredconditionals="0" methods="0" coveredmethods="0"/>
      <file name="auth.routes.ts" path="C:\Projetos\notas-fiscais\backend\src\routes\auth.routes.ts">
        <metrics statements="3" coveredstatements="3" conditionals="0" coveredconditionals="0" methods="0" coveredmethods="0"/>
        <line num="5" count="4" type="stmt"/>
        <line num="7" count="4" type="stmt"/>
        <line num="8" count="4" type="stmt"/>
      </file>
      <file name="health.routes.ts" path="C:\Projetos\notas-fiscais\backend\src\routes\health.routes.ts">
        <metrics statements="2" coveredstatements="2" conditionals="0" coveredconditionals="0" methods="0" coveredmethods="0"/>
        <line num="4" count="4" type="stmt"/>
        <line num="6" count="4" type="stmt"/>
      </file>
      <file name="index.ts" path="C:\Projetos\notas-fiscais\backend\src\routes\index.ts">
        <metrics statements="4" coveredstatements="4" conditionals="0" coveredconditionals="0" methods="0" coveredmethods="0"/>
        <line num="6" count="4" type="stmt"/>
        <line num="8" count="4" type="stmt"/>
        <line num="9" count="4" type="stmt"/>
        <line num="10" count="4" type="stmt"/>
      </file>
      <file name="invoice.routes.ts" path="C:\Projetos\notas-fiscais\backend\src\routes\invoice.routes.ts">
        <metrics statements="11" coveredstatements="11" conditionals="0" coveredconditionals="0" methods="0" coveredmethods="0"/>
        <line num="15" count="4" type="stmt"/>
        <line num="17" count="4" type="stmt"/>
        <line num="18" count="4" type="stmt"/>
        <line num="20" count="4" type="stmt"/>
        <line num="21" count="4" type="stmt"/>
        <line num="22" count="4" type="stmt"/>
        <line num="23" count="4" type="stmt"/>
        <line num="24" count="4" type="stmt"/>
        <line num="25" count="4" type="stmt"/>
        <line num="26" count="4" type="stmt"/>
        <line num="27" count="4" type="stmt"/>
      </file>
    </package>
    <package name="src.schemas">
      <metrics statements="13" coveredstatements="13" conditionals="0" coveredconditionals="0" methods="2" coveredmethods="2"/>
      <file name="auth.schema.ts" path="C:\Projetos\notas-fiscais\backend\src\schemas\auth.schema.ts">
        <metrics statements="1" coveredstatements="1" conditionals="0" coveredconditionals="0" methods="0" coveredmethods="0"/>
        <line num="3" count="4" type="stmt"/>
      </file>
      <file name="invoice.schema.ts" path="C:\Projetos\notas-fiscais\backend\src\schemas\invoice.schema.ts">
        <metrics statements="11" coveredstatements="11" conditionals="0" coveredconditionals="0" methods="2" coveredmethods="2"/>
        <line num="3" count="4" type="stmt"/>
        <line num="10" count="4" type="stmt"/>
        <line num="12" count="4" type="stmt"/>
        <line num="22" count="5" type="stmt"/>
        <line num="26" count="4" type="stmt"/>
        <line num="35" count="4" type="stmt"/>
        <line num="39" count="4" type="stmt"/>
        <line num="49" count="4" type="stmt"/>
        <line num="51" count="28" type="stmt"/>
        <line num="54" count="4" type="stmt"/>
        <line num="62" count="4" type="stmt"/>
      </file>
      <file name="login.schema.ts" path="C:\Projetos\notas-fiscais\backend\src\schemas\login.schema.ts">
        <metrics statements="1" coveredstatements="1" conditionals="0" coveredconditionals="0" methods="0" coveredmethods="0"/>
        <line num="3" count="4" type="stmt"/>
      </file>
    </package>
    <package name="src.services">
      <metrics statements="66" coveredstatements="65" conditionals="45" coveredconditionals="40" methods="14" coveredmethods="14"/>
      <file name="auth.service.ts" path="C:\Projetos\notas-fiscais\backend\src\services\auth.service.ts">
        <metrics statements="21" coveredstatements="21" conditionals="6" coveredconditionals="6" methods="2" coveredmethods="2"/>
        <line num="19" count="2" type="stmt"/>
        <line num="23" count="2" type="cond" truecount="2" falsecount="0"/>
        <line num="24" count="1" type="stmt"/>
        <line num="27" count="1" type="stmt"/>
        <line num="28" count="1" type="stmt"/>
        <line num="31" count="1" type="stmt"/>
        <line num="36" count="1" type="stmt"/>
        <line num="44" count="1" type="stmt"/>
        <line num="45" count="1" type="stmt"/>
        <line num="49" count="7" type="stmt"/>
        <line num="53" count="7" type="cond" truecount="2" falsecount="0"/>
        <line num="54" count="5" type="stmt"/>
        <line num="57" count="5" type="stmt"/>
        <line num="58" count="5" type="stmt"/>
        <line num="61" count="2" type="stmt"/>
        <line num="63" count="2" type="cond" truecount="2" falsecount="0"/>
        <line num="64" count="1" type="stmt"/>
        <line num="67" count="1" type="stmt"/>
        <line num="68" count="1" type="stmt"/>
        <line num="71" count="1" type="stmt"/>
        <line num="77" count="1" type="stmt"/>
      </file>
      <file name="health.service.ts" path="C:\Projetos\notas-fiscais\backend\src\services\health.service.ts">
        <metrics statements="1" coveredstatements="1" conditionals="0" coveredconditionals="0" methods="1" coveredmethods="1"/>
        <line num="2" count="2" type="stmt"/>
      </file>
      <file name="invoice.service.ts" path="C:\Projetos\notas-fiscais\backend\src\services\invoice.service.ts">
        <metrics statements="44" coveredstatements="43" conditionals="39" coveredconditionals="34" methods="11" coveredmethods="11"/>
        <line num="14" count="5" type="stmt"/>
        <line num="15" count="5" type="stmt"/>
        <line num="16" count="5" type="stmt"/>
        <line num="20" count="1" type="stmt"/>
        <line num="21" count="1" type="stmt"/>
        <line num="22" count="1" type="stmt"/>
        <line num="26" count="4" type="stmt"/>
        <line num="43" count="17" type="cond" truecount="2" falsecount="0"/>
        <line num="45" count="17" type="stmt"/>
        <line num="52" count="17" type="cond" truecount="2" falsecount="0"/>
        <line num="55" count="17" type="cond" truecount="2" falsecount="0"/>
        <line num="57" count="17" type="stmt"/>
        <line num="67" count="17" type="stmt"/>
        <line num="69" count="17" type="stmt"/>
        <line num="81" count="4" type="stmt"/>
        <line num="85" count="4" type="cond" truecount="2" falsecount="0"/>
        <line num="86" count="3" type="stmt"/>
        <line num="89" count="1" type="stmt"/>
        <line num="97" count="3" type="stmt"/>
        <line num="101" count="3" type="cond" truecount="2" falsecount="0"/>
        <line num="102" count="1" type="stmt"/>
        <line num="105" count="2" type="cond" truecount="2" falsecount="0"/>
        <line num="106" count="1" type="stmt"/>
        <line num="109" count="1" type="stmt"/>
        <line num="125" count="2" type="stmt"/>
        <line num="129" count="2" type="cond" truecount="2" falsecount="0"/>
        <line num="130" count="1" type="stmt"/>
        <line num="133" count="1" type="stmt"/>
        <line num="147" count="2" type="stmt"/>
        <line num="158" count="2" type="cond" truecount="2" falsecount="0"/>
        <line num="159" count="2" type="cond" truecount="2" falsecount="0"/>
        <line num="160" count="2" type="stmt"/>
        <line num="162" count="2" type="stmt"/>
        <line num="175" count="2" type="stmt"/>
        <line num="181" count="2" type="stmt"/>
        <line num="188" count="2" type="stmt"/>
        <line num="189" count="2" type="stmt"/>
        <line num="192" count="2" type="stmt"/>
        <line num="211" count="2" type="stmt"/>
        <line num="212" count="2" type="cond" truecount="1" falsecount="1"/>
        <line num="213" count="0" type="stmt"/>
        <line num="215" count="2" type="stmt"/>
        <line num="218" count="2" type="stmt"/>
        <line num="230" count="2" type="stmt"/>
      </file>
    </package>
    <package name="tests.helpers">
      <metrics statements="29" coveredstatements="23" conditionals="20" coveredconditionals="20" methods="9" coveredmethods="8"/>
      <file name="auth.ts" path="C:\Projetos\notas-fiscais\backend\tests\helpers\auth.ts">
        <metrics statements="11" coveredstatements="11" conditionals="7" coveredconditionals="7" methods="4" coveredmethods="4"/>
        <line num="8" count="3" type="stmt"/>
        <line num="26" count="50" type="cond" truecount="2" falsecount="0"/>
        <line num="27" count="50" type="stmt"/>
        <line num="29" count="50" type="stmt"/>
        <line num="37" count="50" type="stmt"/>
        <line num="45" count="43" type="stmt"/>
        <line num="56" count="43" type="stmt"/>
        <line num="70" count="40" type="stmt"/>
        <line num="71" count="40" type="stmt"/>
        <line num="72" count="40" type="stmt"/>
        <line num="73" count="40" type="stmt"/>
      </file>
      <file name="db.ts" path="C:\Projetos\notas-fiscais\backend\tests\helpers\db.ts">
        <metrics statements="3" coveredstatements="3" conditionals="0" coveredconditionals="0" methods="1" coveredmethods="1"/>
        <line num="3" count="3" type="stmt"/>
        <line num="11" count="52" type="stmt"/>
        <line num="12" count="52" type="stmt"/>
      </file>
      <file name="invoices.ts" path="C:\Projetos\notas-fiscais\backend\tests\helpers\invoices.ts">
        <metrics statements="14" coveredstatements="8" conditionals="13" coveredconditionals="13" methods="3" coveredmethods="2"/>
        <line num="21" count="98" type="stmt"/>
        <line num="22" count="98" type="stmt"/>
        <line num="43" count="0" type="stmt"/>
        <line num="44" count="0" type="stmt"/>
        <line num="46" count="0" type="stmt"/>
        <line num="47" count="0" type="stmt"/>
        <line num="50" count="0" type="stmt"/>
        <line num="53" count="0" type="stmt"/>
        <line num="61" count="17" type="stmt"/>
        <line num="67" count="17" type="stmt"/>
        <line num="73" count="17" type="stmt"/>
        <line num="79" count="17" type="stmt"/>
        <line num="85" count="17" type="stmt"/>
        <line num="91" count="17" type="stmt"/>
      </file>
      <file name="request.ts" path="C:\Projetos\notas-fiscais\backend\tests\helpers\request.ts">
        <metrics statements="1" coveredstatements="1" conditionals="0" coveredconditionals="0" methods="1" coveredmethods="1"/>
        <line num="9" count="76" type="stmt"/>
      </file>
    </package>
  </project>
</coverage>
