{"C:\\Projetos\\notas-fiscais\\backend\\src\\app.ts": {"path":"C:\\Projetos\\notas-fiscais\\backend\\src\\app.ts","statementMap":{"0":{"start":{"line":11,"column":6},"end":{"line":11,"column":null}},"1":{"start":{"line":13,"column":0},"end":{"line":13,"column":null}},"2":{"start":{"line":14,"column":0},"end":{"line":14,"column":null}},"3":{"start":{"line":15,"column":0},"end":{"line":15,"column":null}},"4":{"start":{"line":16,"column":0},"end":{"line":20,"column":null}},"5":{"start":{"line":21,"column":0},"end":{"line":21,"column":null}},"6":{"start":{"line":23,"column":0},"end":{"line":23,"column":null}},"7":{"start":{"line":25,"column":0},"end":{"line":25,"column":null}},"8":{"start":{"line":26,"column":0},"end":{"line":26,"column":null}}},"fnMap":{},"branchMap":{},"s":{"0":4,"1":4,"2":4,"3":4,"4":4,"5":4,"6":4,"7":4,"8":4},"f":{},"b":{},"meta":{"lastBranch":0,"lastFunction":0,"lastStatement":9,"seen":{"s:11:6:11:Infinity":0,"s:13:0:13:Infinity":1,"s:14:0:14:Infinity":2,"s:15:0:15:Infinity":3,"s:16:0:20:Infinity":4,"s:21:0:21:Infinity":5,"s:23:0:23:Infinity":6,"s:25:0:25:Infinity":7,"s:26:0:26:Infinity":8}}}
,"C:\\Projetos\\notas-fiscais\\backend\\src\\config\\env.ts": {"path":"C:\\Projetos\\notas-fiscais\\backend\\src\\config\\env.ts","statementMap":{"0":{"start":{"line":3,"column":18},"end":{"line":13,"column":null}},"1":{"start":{"line":15,"column":15},"end":{"line":15,"column":null}},"2":{"start":{"line":17,"column":0},"end":{"line":20,"column":null}},"3":{"start":{"line":18,"column":2},"end":{"line":18,"column":null}},"4":{"start":{"line":19,"column":2},"end":{"line":19,"column":null}},"5":{"start":{"line":22,"column":19},"end":{"line":30,"column":null}}},"fnMap":{},"branchMap":{"0":{"loc":{"start":{"line":17,"column":0},"end":{"line":20,"column":null}},"type":"if","locations":[{"start":{"line":17,"column":0},"end":{"line":20,"column":null}},{"start":{},"end":{}}],"line":17}},"s":{"0":4,"1":4,"2":4,"3":0,"4":0,"5":4},"f":{},"b":{"0":[0,4]},"meta":{"lastBranch":1,"lastFunction":0,"lastStatement":6,"seen":{"s:3:18:13:Infinity":0,"s:15:15:15:Infinity":1,"b:17:0:20:Infinity:undefined:undefined:undefined:undefined":0,"s:17:0:20:Infinity":2,"s:18:2:18:Infinity":3,"s:19:2:19:Infinity":4,"s:22:19:30:Infinity":5}}}
,"C:\\Projetos\\notas-fiscais\\backend\\src\\controllers\\auth.controller.ts": {"path":"C:\\Projetos\\notas-fiscais\\backend\\src\\controllers\\auth.controller.ts","statementMap":{"0":{"start":{"line":12,"column":2},"end":{"line":18,"column":null}},"1":{"start":{"line":13,"column":10},"end":{"line":13,"column":null}},"2":{"start":{"line":14,"column":17},"end":{"line":14,"column":null}},"3":{"start":{"line":15,"column":4},"end":{"line":15,"column":null}},"4":{"start":{"line":17,"column":4},"end":{"line":17,"column":null}},"5":{"start":{"line":26,"column":2},"end":{"line":32,"column":null}},"6":{"start":{"line":27,"column":10},"end":{"line":27,"column":null}},"7":{"start":{"line":28,"column":19},"end":{"line":28,"column":null}},"8":{"start":{"line":29,"column":4},"end":{"line":29,"column":null}},"9":{"start":{"line":31,"column":4},"end":{"line":31,"column":null}}},"fnMap":{"0":{"name":"registerController","decl":{"start":{"line":7,"column":22},"end":{"line":7,"column":null}},"loc":{"start":{"line":11,"column":17},"end":{"line":19,"column":null}},"line":11},"1":{"name":"loginController","decl":{"start":{"line":21,"column":22},"end":{"line":21,"column":null}},"loc":{"start":{"line":25,"column":17},"end":{"line":33,"column":null}},"line":25}},"branchMap":{},"s":{"0":3,"1":3,"2":3,"3":1,"4":2,"5":7,"6":7,"7":7,"8":1,"9":6},"f":{"0":3,"1":7},"b":{},"meta":{"lastBranch":0,"lastFunction":2,"lastStatement":10,"seen":{"f:7:22:7:Infinity":0,"s:12:2:18:Infinity":0,"s:13:10:13:Infinity":1,"s:14:17:14:Infinity":2,"s:15:4:15:Infinity":3,"s:17:4:17:Infinity":4,"f:21:22:21:Infinity":1,"s:26:2:32:Infinity":5,"s:27:10:27:Infinity":6,"s:28:19:28:Infinity":7,"s:29:4:29:Infinity":8,"s:31:4:31:Infinity":9}}}
,"C:\\Projetos\\notas-fiscais\\backend\\src\\controllers\\health.controller.ts": {"path":"C:\\Projetos\\notas-fiscais\\backend\\src\\controllers\\health.controller.ts","statementMap":{"0":{"start":{"line":5,"column":8},"end":{"line":5,"column":null}},"1":{"start":{"line":6,"column":2},"end":{"line":6,"column":null}}},"fnMap":{"0":{"name":"healthController","decl":{"start":{"line":4,"column":16},"end":{"line":4,"column":33}},"loc":{"start":{"line":4,"column":69},"end":{"line":7,"column":null}},"line":4}},"branchMap":{},"s":{"0":2,"1":2},"f":{"0":2},"b":{},"meta":{"lastBranch":0,"lastFunction":1,"lastStatement":2,"seen":{"f:4:16:4:33":0,"s:5:8:5:Infinity":0,"s:6:2:6:Infinity":1}}}
,"C:\\Projetos\\notas-fiscais\\backend\\src\\controllers\\invoice.controller.ts": {"path":"C:\\Projetos\\notas-fiscais\\backend\\src\\controllers\\invoice.controller.ts","statementMap":{"0":{"start":{"line":27,"column":2},"end":{"line":34,"column":null}},"1":{"start":{"line":28,"column":19},"end":{"line":28,"column":null}},"2":{"start":{"line":29,"column":10},"end":{"line":29,"column":null}},"3":{"start":{"line":30,"column":20},"end":{"line":30,"column":null}},"4":{"start":{"line":31,"column":4},"end":{"line":31,"column":null}},"5":{"start":{"line":33,"column":4},"end":{"line":33,"column":null}},"6":{"start":{"line":42,"column":2},"end":{"line":49,"column":null}},"7":{"start":{"line":43,"column":19},"end":{"line":43,"column":null}},"8":{"start":{"line":44,"column":10},"end":{"line":44,"column":null}},"9":{"start":{"line":45,"column":19},"end":{"line":45,"column":null}},"10":{"start":{"line":46,"column":4},"end":{"line":46,"column":null}},"11":{"start":{"line":48,"column":4},"end":{"line":48,"column":null}},"12":{"start":{"line":57,"column":2},"end":{"line":63,"column":null}},"13":{"start":{"line":58,"column":19},"end":{"line":58,"column":null}},"14":{"start":{"line":59,"column":20},"end":{"line":59,"column":null}},"15":{"start":{"line":60,"column":4},"end":{"line":60,"column":null}},"16":{"start":{"line":62,"column":4},"end":{"line":62,"column":null}},"17":{"start":{"line":71,"column":2},"end":{"line":77,"column":null}},"18":{"start":{"line":72,"column":19},"end":{"line":72,"column":null}},"19":{"start":{"line":73,"column":18},"end":{"line":73,"column":null}},"20":{"start":{"line":74,"column":4},"end":{"line":74,"column":null}},"21":{"start":{"line":76,"column":4},"end":{"line":76,"column":null}},"22":{"start":{"line":85,"column":2},"end":{"line":92,"column":null}},"23":{"start":{"line":86,"column":19},"end":{"line":86,"column":null}},"24":{"start":{"line":87,"column":10},"end":{"line":87,"column":null}},"25":{"start":{"line":88,"column":17},"end":{"line":88,"column":null}},"26":{"start":{"line":89,"column":4},"end":{"line":89,"column":null}},"27":{"start":{"line":91,"column":4},"end":{"line":91,"column":null}},"28":{"start":{"line":100,"column":2},"end":{"line":107,"column":null}},"29":{"start":{"line":101,"column":19},"end":{"line":101,"column":null}},"30":{"start":{"line":102,"column":15},"end":{"line":102,"column":null}},"31":{"start":{"line":103,"column":20},"end":{"line":103,"column":null}},"32":{"start":{"line":104,"column":4},"end":{"line":104,"column":null}},"33":{"start":{"line":106,"column":4},"end":{"line":106,"column":null}},"34":{"start":{"line":115,"column":2},"end":{"line":123,"column":null}},"35":{"start":{"line":116,"column":19},"end":{"line":116,"column":null}},"36":{"start":{"line":117,"column":15},"end":{"line":117,"column":null}},"37":{"start":{"line":118,"column":10},"end":{"line":118,"column":null}},"38":{"start":{"line":119,"column":20},"end":{"line":119,"column":null}},"39":{"start":{"line":120,"column":4},"end":{"line":120,"column":null}},"40":{"start":{"line":122,"column":4},"end":{"line":122,"column":null}},"41":{"start":{"line":131,"column":2},"end":{"line":138,"column":null}},"42":{"start":{"line":132,"column":19},"end":{"line":132,"column":null}},"43":{"start":{"line":133,"column":15},"end":{"line":133,"column":null}},"44":{"start":{"line":134,"column":4},"end":{"line":134,"column":null}},"45":{"start":{"line":135,"column":4},"end":{"line":135,"column":null}},"46":{"start":{"line":137,"column":4},"end":{"line":137,"column":null}}},"fnMap":{"0":{"name":"createInvoiceController","decl":{"start":{"line":22,"column":22},"end":{"line":22,"column":null}},"loc":{"start":{"line":26,"column":17},"end":{"line":35,"column":null}},"line":26},"1":{"name":"getInvoicesController","decl":{"start":{"line":37,"column":22},"end":{"line":37,"column":null}},"loc":{"start":{"line":41,"column":17},"end":{"line":50,"column":null}},"line":41},"2":{"name":"getInvoicesSummaryController","decl":{"start":{"line":52,"column":22},"end":{"line":52,"column":null}},"loc":{"start":{"line":56,"column":17},"end":{"line":64,"column":null}},"line":56},"3":{"name":"getInvoicesStatsController","decl":{"start":{"line":66,"column":22},"end":{"line":66,"column":null}},"loc":{"start":{"line":70,"column":17},"end":{"line":78,"column":null}},"line":70},"4":{"name":"getMonthlyMetricsController","decl":{"start":{"line":80,"column":22},"end":{"line":80,"column":null}},"loc":{"start":{"line":84,"column":17},"end":{"line":93,"column":null}},"line":84},"5":{"name":"getInvoiceByIdController","decl":{"start":{"line":95,"column":22},"end":{"line":95,"column":null}},"loc":{"start":{"line":99,"column":17},"end":{"line":108,"column":null}},"line":99},"6":{"name":"updateInvoiceController","decl":{"start":{"line":110,"column":22},"end":{"line":110,"column":null}},"loc":{"start":{"line":114,"column":17},"end":{"line":124,"column":null}},"line":114},"7":{"name":"deleteInvoiceController","decl":{"start":{"line":126,"column":22},"end":{"line":126,"column":null}},"loc":{"start":{"line":130,"column":17},"end":{"line":139,"column":null}},"line":130}},"branchMap":{},"s":{"0":6,"1":6,"2":6,"3":6,"4":3,"5":3,"6":21,"7":21,"8":21,"9":21,"10":17,"11":4,"12":2,"13":2,"14":2,"15":2,"16":0,"17":2,"18":2,"19":2,"20":2,"21":0,"22":2,"23":2,"24":2,"25":2,"26":2,"27":0,"28":5,"29":5,"30":5,"31":5,"32":1,"33":4,"34":4,"35":4,"36":4,"37":4,"38":4,"39":1,"40":3,"41":3,"42":3,"43":3,"44":3,"45":1,"46":2},"f":{"0":6,"1":21,"2":2,"3":2,"4":2,"5":5,"6":4,"7":3},"b":{},"meta":{"lastBranch":0,"lastFunction":8,"lastStatement":47,"seen":{"f:22:22:22:Infinity":0,"s:27:2:34:Infinity":0,"s:28:19:28:Infinity":1,"s:29:10:29:Infinity":2,"s:30:20:30:Infinity":3,"s:31:4:31:Infinity":4,"s:33:4:33:Infinity":5,"f:37:22:37:Infinity":1,"s:42:2:49:Infinity":6,"s:43:19:43:Infinity":7,"s:44:10:44:Infinity":8,"s:45:19:45:Infinity":9,"s:46:4:46:Infinity":10,"s:48:4:48:Infinity":11,"f:52:22:52:Infinity":2,"s:57:2:63:Infinity":12,"s:58:19:58:Infinity":13,"s:59:20:59:Infinity":14,"s:60:4:60:Infinity":15,"s:62:4:62:Infinity":16,"f:66:22:66:Infinity":3,"s:71:2:77:Infinity":17,"s:72:19:72:Infinity":18,"s:73:18:73:Infinity":19,"s:74:4:74:Infinity":20,"s:76:4:76:Infinity":21,"f:80:22:80:Infinity":4,"s:85:2:92:Infinity":22,"s:86:19:86:Infinity":23,"s:87:10:87:Infinity":24,"s:88:17:88:Infinity":25,"s:89:4:89:Infinity":26,"s:91:4:91:Infinity":27,"f:95:22:95:Infinity":5,"s:100:2:107:Infinity":28,"s:101:19:101:Infinity":29,"s:102:15:102:Infinity":30,"s:103:20:103:Infinity":31,"s:104:4:104:Infinity":32,"s:106:4:106:Infinity":33,"f:110:22:110:Infinity":6,"s:115:2:123:Infinity":34,"s:116:19:116:Infinity":35,"s:117:15:117:Infinity":36,"s:118:10:118:Infinity":37,"s:119:20:119:Infinity":38,"s:120:4:120:Infinity":39,"s:122:4:122:Infinity":40,"f:126:22:126:Infinity":7,"s:131:2:138:Infinity":41,"s:132:19:132:Infinity":42,"s:133:15:133:Infinity":43,"s:134:4:134:Infinity":44,"s:135:4:135:Infinity":45,"s:137:4:137:Infinity":46}}}
,"C:\\Projetos\\notas-fiscais\\backend\\src\\errors\\app-error.ts": {"path":"C:\\Projetos\\notas-fiscais\\backend\\src\\errors\\app-error.ts","statementMap":{"0":{"start":{"line":6,"column":4},"end":{"line":6,"column":null}},"1":{"start":{"line":7,"column":4},"end":{"line":7,"column":null}},"2":{"start":{"line":8,"column":4},"end":{"line":8,"column":null}},"3":{"start":{"line":10,"column":4},"end":{"line":10,"column":null}}},"fnMap":{"0":{"name":"(anonymous_0)","decl":{"start":{"line":5,"column":2},"end":{"line":5,"column":14}},"loc":{"start":{"line":5,"column":49},"end":{"line":11,"column":null}},"line":5}},"branchMap":{"0":{"loc":{"start":{"line":5,"column":31},"end":{"line":5,"column":49}},"type":"default-arg","locations":[{"start":{"line":5,"column":44},"end":{"line":5,"column":49}}],"line":5}},"s":{"0":0,"1":0,"2":0,"3":0},"f":{"0":0},"b":{"0":[0]},"meta":{"lastBranch":1,"lastFunction":1,"lastStatement":4,"seen":{"f:5:2:5:14":0,"b:5:44:5:49":0,"s:6:4:6:Infinity":0,"s:7:4:7:Infinity":1,"s:8:4:8:Infinity":2,"s:10:4:10:Infinity":3}}}
,"C:\\Projetos\\notas-fiscais\\backend\\src\\lib\\logger.ts": {"path":"C:\\Projetos\\notas-fiscais\\backend\\src\\lib\\logger.ts","statementMap":{"0":{"start":{"line":2,"column":2},"end":{"line":2,"column":null}},"1":{"start":{"line":6,"column":2},"end":{"line":6,"column":null}},"2":{"start":{"line":10,"column":2},"end":{"line":10,"column":null}},"3":{"start":{"line":13,"column":22},"end":{"line":17,"column":null}}},"fnMap":{"0":{"name":"info","decl":{"start":{"line":1,"column":9},"end":{"line":1,"column":14}},"loc":{"start":{"line":1,"column":37},"end":{"line":3,"column":null}},"line":1},"1":{"name":"warn","decl":{"start":{"line":5,"column":9},"end":{"line":5,"column":14}},"loc":{"start":{"line":5,"column":37},"end":{"line":7,"column":null}},"line":5},"2":{"name":"error","decl":{"start":{"line":9,"column":9},"end":{"line":9,"column":15}},"loc":{"start":{"line":9,"column":38},"end":{"line":11,"column":null}},"line":9}},"branchMap":{},"s":{"0":76,"1":23,"2":0,"3":4},"f":{"0":76,"1":23,"2":0},"b":{},"meta":{"lastBranch":0,"lastFunction":3,"lastStatement":4,"seen":{"f:1:9:1:14":0,"s:2:2:2:Infinity":0,"f:5:9:5:14":1,"s:6:2:6:Infinity":1,"f:9:9:9:15":2,"s:10:2:10:Infinity":2,"s:13:22:17:Infinity":3}}}
,"C:\\Projetos\\notas-fiscais\\backend\\src\\lib\\prisma.ts": {"path":"C:\\Projetos\\notas-fiscais\\backend\\src\\lib\\prisma.ts","statementMap":{"0":{"start":{"line":3,"column":30},"end":{"line":7,"column":null}},"1":{"start":{"line":4,"column":2},"end":{"line":6,"column":null}},"2":{"start":{"line":14,"column":2},"end":{"line":14,"column":null}},"3":{"start":{"line":16,"column":0},"end":{"line":18,"column":null}},"4":{"start":{"line":17,"column":2},"end":{"line":17,"column":null}}},"fnMap":{"0":{"name":"(anonymous_0)","decl":{"start":{"line":3,"column":30},"end":{"line":3,"column":36}},"loc":{"start":{"line":3,"column":36},"end":{"line":7,"column":null}},"line":3}},"branchMap":{"0":{"loc":{"start":{"line":14,"column":2},"end":{"line":14,"column":null}},"type":"binary-expr","locations":[{"start":{"line":14,"column":2},"end":{"line":14,"column":19}},{"start":{"line":14,"column":19},"end":{"line":14,"column":null}}],"line":14},"1":{"loc":{"start":{"line":16,"column":0},"end":{"line":18,"column":null}},"type":"if","locations":[{"start":{"line":16,"column":0},"end":{"line":18,"column":null}},{"start":{},"end":{}}],"line":16}},"s":{"0":4,"1":4,"2":4,"3":4,"4":4},"f":{"0":4},"b":{"0":[4,4],"1":[4,0]},"meta":{"lastBranch":2,"lastFunction":1,"lastStatement":5,"seen":{"s:3:30:7:Infinity":0,"f:3:30:3:36":0,"s:4:2:6:Infinity":1,"s:14:2:14:Infinity":2,"b:14:2:14:19:14:19:14:Infinity":0,"b:16:0:18:Infinity:undefined:undefined:undefined:undefined":1,"s:16:0:18:Infinity":3,"s:17:2:17:Infinity":4}}}
,"C:\\Projetos\\notas-fiscais\\backend\\src\\lib\\validate.ts": {"path":"C:\\Projetos\\notas-fiscais\\backend\\src\\lib\\validate.ts","statementMap":{"0":{"start":{"line":4,"column":17},"end":{"line":4,"column":null}},"1":{"start":{"line":6,"column":2},"end":{"line":13,"column":null}},"2":{"start":{"line":7,"column":20},"end":{"line":7,"column":null}},"3":{"start":{"line":7,"column":55},"end":{"line":7,"column":68}},"4":{"start":{"line":9,"column":18},"end":{"line":9,"column":null}},"5":{"start":{"line":10,"column":4},"end":{"line":10,"column":null}},"6":{"start":{"line":12,"column":4},"end":{"line":12,"column":null}},"7":{"start":{"line":15,"column":2},"end":{"line":15,"column":null}}},"fnMap":{"0":{"name":"validateSchema","decl":{"start":{"line":3,"column":16},"end":{"line":3,"column":34}},"loc":{"start":{"line":3,"column":74},"end":{"line":16,"column":null}},"line":3},"1":{"name":"(anonymous_1)","decl":{"start":{"line":7,"column":44},"end":{"line":7,"column":45}},"loc":{"start":{"line":7,"column":55},"end":{"line":7,"column":68}},"line":7}},"branchMap":{"0":{"loc":{"start":{"line":6,"column":2},"end":{"line":13,"column":null}},"type":"if","locations":[{"start":{"line":6,"column":2},"end":{"line":13,"column":null}},{"start":{},"end":{}}],"line":6}},"s":{"0":55,"1":55,"2":10,"3":12,"4":10,"5":10,"6":10,"7":45},"f":{"0":55,"1":12},"b":{"0":[10,45]},"meta":{"lastBranch":1,"lastFunction":2,"lastStatement":8,"seen":{"f:3:16:3:34":0,"s:4:17:4:Infinity":0,"b:6:2:13:Infinity:undefined:undefined:undefined:undefined":0,"s:6:2:13:Infinity":1,"s:7:20:7:Infinity":2,"f:7:44:7:45":1,"s:7:55:7:68":3,"s:9:18:9:Infinity":4,"s:10:4:10:Infinity":5,"s:12:4:12:Infinity":6,"s:15:2:15:Infinity":7}}}
,"C:\\Projetos\\notas-fiscais\\backend\\src\\middlewares\\auth.middleware.ts": {"path":"C:\\Projetos\\notas-fiscais\\backend\\src\\middlewares\\auth.middleware.ts","statementMap":{"0":{"start":{"line":17,"column":21},"end":{"line":17,"column":null}},"1":{"start":{"line":19,"column":2},"end":{"line":22,"column":null}},"2":{"start":{"line":20,"column":4},"end":{"line":20,"column":null}},"3":{"start":{"line":21,"column":4},"end":{"line":21,"column":null}},"4":{"start":{"line":24,"column":16},"end":{"line":24,"column":null}},"5":{"start":{"line":26,"column":2},"end":{"line":35,"column":null}},"6":{"start":{"line":27,"column":20},"end":{"line":27,"column":null}},"7":{"start":{"line":31,"column":4},"end":{"line":31,"column":null}},"8":{"start":{"line":32,"column":4},"end":{"line":32,"column":null}},"9":{"start":{"line":34,"column":4},"end":{"line":34,"column":null}}},"fnMap":{"0":{"name":"authMiddleware","decl":{"start":{"line":12,"column":16},"end":{"line":12,"column":null}},"loc":{"start":{"line":16,"column":8},"end":{"line":36,"column":null}},"line":16}},"branchMap":{"0":{"loc":{"start":{"line":19,"column":2},"end":{"line":22,"column":null}},"type":"if","locations":[{"start":{"line":19,"column":2},"end":{"line":22,"column":null}},{"start":{},"end":{}}],"line":19},"1":{"loc":{"start":{"line":19,"column":6},"end":{"line":19,"column":56}},"type":"binary-expr","locations":[{"start":{"line":19,"column":6},"end":{"line":19,"column":21}},{"start":{"line":19,"column":21},"end":{"line":19,"column":56}}],"line":19}},"s":{"0":47,"1":47,"2":1,"3":1,"4":46,"5":46,"6":46,"7":46,"8":46,"9":1},"f":{"0":47},"b":{"0":[1,46],"1":[47,46]},"meta":{"lastBranch":2,"lastFunction":1,"lastStatement":10,"seen":{"f:12:16:12:Infinity":0,"s:17:21:17:Infinity":0,"b:19:2:22:Infinity:undefined:undefined:undefined:undefined":0,"s:19:2:22:Infinity":1,"b:19:6:19:21:19:21:19:56":1,"s:20:4:20:Infinity":2,"s:21:4:21:Infinity":3,"s:24:16:24:Infinity":4,"s:26:2:35:Infinity":5,"s:27:20:27:Infinity":6,"s:31:4:31:Infinity":7,"s:32:4:32:Infinity":8,"s:34:4:34:Infinity":9}}}
,"C:\\Projetos\\notas-fiscais\\backend\\src\\middlewares\\error.middleware.ts": {"path":"C:\\Projetos\\notas-fiscais\\backend\\src\\middlewares\\error.middleware.ts","statementMap":{"0":{"start":{"line":12,"column":2},"end":{"line":21,"column":null}},"1":{"start":{"line":16,"column":4},"end":{"line":19,"column":null}},"2":{"start":{"line":20,"column":4},"end":{"line":20,"column":null}},"3":{"start":{"line":24,"column":4},"end":{"line":28,"column":null}},"4":{"start":{"line":30,"column":4},"end":{"line":30,"column":null}},"5":{"start":{"line":32,"column":2},"end":{"line":36,"column":null}},"6":{"start":{"line":33,"column":4},"end":{"line":33,"column":null}},"7":{"start":{"line":35,"column":4},"end":{"line":35,"column":null}},"8":{"start":{"line":38,"column":2},"end":{"line":41,"column":null}}},"fnMap":{"0":{"name":"errorMiddleware","decl":{"start":{"line":6,"column":16},"end":{"line":6,"column":null}},"loc":{"start":{"line":11,"column":8},"end":{"line":42,"column":null}},"line":11}},"branchMap":{"0":{"loc":{"start":{"line":12,"column":2},"end":{"line":21,"column":null}},"type":"if","locations":[{"start":{"line":12,"column":2},"end":{"line":21,"column":null}},{"start":{},"end":{}}],"line":12},"1":{"loc":{"start":{"line":13,"column":4},"end":{"line":14,"column":null}},"type":"binary-expr","locations":[{"start":{"line":13,"column":4},"end":{"line":13,"column":null}},{"start":{"line":14,"column":4},"end":{"line":14,"column":null}}],"line":13},"2":{"loc":{"start":{"line":24,"column":4},"end":{"line":28,"column":null}},"type":"cond-expr","locations":[{"start":{"line":25,"column":8},"end":{"line":25,"column":null}},{"start":{"line":26,"column":8},"end":{"line":28,"column":null}}],"line":24},"3":{"loc":{"start":{"line":26,"column":8},"end":{"line":28,"column":null}},"type":"cond-expr","locations":[{"start":{"line":27,"column":11},"end":{"line":27,"column":null}},{"start":{"line":28,"column":10},"end":{"line":28,"column":null}}],"line":26},"4":{"loc":{"start":{"line":30,"column":4},"end":{"line":30,"column":null}},"type":"cond-expr","locations":[{"start":{"line":30,"column":20},"end":{"line":30,"column":47}},{"start":{"line":30,"column":47},"end":{"line":30,"column":null}}],"line":30},"5":{"loc":{"start":{"line":30,"column":47},"end":{"line":30,"column":null}},"type":"binary-expr","locations":[{"start":{"line":30,"column":47},"end":{"line":30,"column":62}},{"start":{"line":30,"column":62},"end":{"line":30,"column":null}}],"line":30},"6":{"loc":{"start":{"line":32,"column":2},"end":{"line":36,"column":null}},"type":"if","locations":[{"start":{"line":32,"column":2},"end":{"line":36,"column":null}},{"start":{"line":34,"column":9},"end":{"line":36,"column":null}}],"line":32},"7":{"loc":{"start":{"line":33,"column":17},"end":{"line":33,"column":41}},"type":"binary-expr","locations":[{"start":{"line":33,"column":17},"end":{"line":33,"column":30}},{"start":{"line":33,"column":30},"end":{"line":33,"column":41}}],"line":33}},"s":{"0":24,"1":1,"2":1,"3":23,"4":24,"5":24,"6":0,"7":23,"8":23},"f":{"0":24},"b":{"0":[1,23],"1":[24,1],"2":[0,23],"3":[23,0],"4":[0,23],"5":[23,0],"6":[0,23],"7":[0,0]},"meta":{"lastBranch":8,"lastFunction":1,"lastStatement":9,"seen":{"f:6:16:6:Infinity":0,"b:12:2:21:Infinity:undefined:undefined:undefined:undefined":0,"s:12:2:21:Infinity":0,"b:13:4:13:Infinity:14:4:14:Infinity":1,"s:16:4:19:Infinity":1,"s:20:4:20:Infinity":2,"s:24:4:28:Infinity":3,"b:25:8:25:Infinity:26:8:28:Infinity":2,"b:27:11:27:Infinity:28:10:28:Infinity":3,"s:30:4:30:Infinity":4,"b:30:20:30:47:30:47:30:Infinity":4,"b:30:47:30:62:30:62:30:Infinity":5,"b:32:2:36:Infinity:34:9:36:Infinity":6,"s:32:2:36:Infinity":5,"s:33:4:33:Infinity":6,"b:33:17:33:30:33:30:33:41":7,"s:35:4:35:Infinity":7,"s:38:2:41:Infinity":8}}}
,"C:\\Projetos\\notas-fiscais\\backend\\src\\middlewares\\not-found.middleware.ts": {"path":"C:\\Projetos\\notas-fiscais\\backend\\src\\middlewares\\not-found.middleware.ts","statementMap":{"0":{"start":{"line":8,"column":2},"end":{"line":8,"column":null}}},"fnMap":{"0":{"name":"notFoundMiddleware","decl":{"start":{"line":3,"column":16},"end":{"line":3,"column":null}},"loc":{"start":{"line":7,"column":8},"end":{"line":9,"column":null}},"line":7}},"branchMap":{},"s":{"0":0},"f":{"0":0},"b":{},"meta":{"lastBranch":0,"lastFunction":1,"lastStatement":1,"seen":{"f:3:16:3:Infinity":0,"s:8:2:8:Infinity":0}}}
,"C:\\Projetos\\notas-fiscais\\backend\\src\\middlewares\\rate-limit.middleware.ts": {"path":"C:\\Projetos\\notas-fiscais\\backend\\src\\middlewares\\rate-limit.middleware.ts","statementMap":{"0":{"start":{"line":3,"column":13},"end":{"line":12,"column":null}},"1":{"start":{"line":7,"column":4},"end":{"line":10,"column":null}},"2":{"start":{"line":14,"column":13},"end":{"line":23,"column":null}},"3":{"start":{"line":18,"column":4},"end":{"line":21,"column":null}}},"fnMap":{"0":{"name":"(anonymous_0)","decl":{"start":{"line":6,"column":11},"end":{"line":6,"column":12}},"loc":{"start":{"line":6,"column":26},"end":{"line":11,"column":null}},"line":6},"1":{"name":"(anonymous_1)","decl":{"start":{"line":17,"column":11},"end":{"line":17,"column":12}},"loc":{"start":{"line":17,"column":26},"end":{"line":22,"column":null}},"line":17}},"branchMap":{},"s":{"0":4,"1":17,"2":4,"3":0},"f":{"0":17,"1":0},"b":{},"meta":{"lastBranch":0,"lastFunction":2,"lastStatement":4,"seen":{"s:3:13:12:Infinity":0,"f:6:11:6:12":0,"s:7:4:10:Infinity":1,"s:14:13:23:Infinity":2,"f:17:11:17:12":1,"s:18:4:21:Infinity":3}}}
,"C:\\Projetos\\notas-fiscais\\backend\\src\\middlewares\\request-id.middleware.ts": {"path":"C:\\Projetos\\notas-fiscais\\backend\\src\\middlewares\\request-id.middleware.ts","statementMap":{"0":{"start":{"line":17,"column":8},"end":{"line":17,"column":null}},"1":{"start":{"line":18,"column":2},"end":{"line":18,"column":null}},"2":{"start":{"line":19,"column":2},"end":{"line":19,"column":null}},"3":{"start":{"line":20,"column":2},"end":{"line":20,"column":null}}},"fnMap":{"0":{"name":"requestIdMiddleware","decl":{"start":{"line":12,"column":16},"end":{"line":12,"column":null}},"loc":{"start":{"line":16,"column":8},"end":{"line":21,"column":null}},"line":16}},"branchMap":{},"s":{"0":76,"1":76,"2":76,"3":76},"f":{"0":76},"b":{},"meta":{"lastBranch":0,"lastFunction":1,"lastStatement":4,"seen":{"f:12:16:12:Infinity":0,"s:17:8:17:Infinity":0,"s:18:2:18:Infinity":1,"s:19:2:19:Infinity":2,"s:20:2:20:Infinity":3}}}
,"C:\\Projetos\\notas-fiscais\\backend\\src\\middlewares\\request-logger.middleware.ts": {"path":"C:\\Projetos\\notas-fiscais\\backend\\src\\middlewares\\request-logger.middleware.ts","statementMap":{"0":{"start":{"line":9,"column":16},"end":{"line":9,"column":null}},"1":{"start":{"line":11,"column":2},"end":{"line":16,"column":null}},"2":{"start":{"line":12,"column":21},"end":{"line":12,"column":null}},"3":{"start":{"line":13,"column":4},"end":{"line":15,"column":null}},"4":{"start":{"line":18,"column":2},"end":{"line":18,"column":null}}},"fnMap":{"0":{"name":"requestLoggerMiddleware","decl":{"start":{"line":4,"column":16},"end":{"line":4,"column":null}},"loc":{"start":{"line":8,"column":8},"end":{"line":19,"column":null}},"line":8},"1":{"name":"(anonymous_1)","decl":{"start":{"line":11,"column":19},"end":{"line":11,"column":25}},"loc":{"start":{"line":11,"column":25},"end":{"line":16,"column":3}},"line":11}},"branchMap":{},"s":{"0":76,"1":76,"2":76,"3":76,"4":76},"f":{"0":76,"1":76},"b":{},"meta":{"lastBranch":0,"lastFunction":2,"lastStatement":5,"seen":{"f:4:16:4:Infinity":0,"s:9:16:9:Infinity":0,"s:11:2:16:Infinity":1,"f:11:19:11:25":1,"s:12:21:12:Infinity":2,"s:13:4:15:Infinity":3,"s:18:2:18:Infinity":4}}}
,"C:\\Projetos\\notas-fiscais\\backend\\src\\routes\\auth.routes.ts": {"path":"C:\\Projetos\\notas-fiscais\\backend\\src\\routes\\auth.routes.ts","statementMap":{"0":{"start":{"line":5,"column":6},"end":{"line":5,"column":null}},"1":{"start":{"line":7,"column":0},"end":{"line":7,"column":null}},"2":{"start":{"line":8,"column":0},"end":{"line":8,"column":null}}},"fnMap":{},"branchMap":{},"s":{"0":4,"1":4,"2":4},"f":{},"b":{},"meta":{"lastBranch":0,"lastFunction":0,"lastStatement":3,"seen":{"s:5:6:5:Infinity":0,"s:7:0:7:Infinity":1,"s:8:0:8:Infinity":2}}}
,"C:\\Projetos\\notas-fiscais\\backend\\src\\routes\\health.routes.ts": {"path":"C:\\Projetos\\notas-fiscais\\backend\\src\\routes\\health.routes.ts","statementMap":{"0":{"start":{"line":4,"column":6},"end":{"line":4,"column":null}},"1":{"start":{"line":6,"column":0},"end":{"line":6,"column":null}}},"fnMap":{},"branchMap":{},"s":{"0":4,"1":4},"f":{},"b":{},"meta":{"lastBranch":0,"lastFunction":0,"lastStatement":2,"seen":{"s:4:6:4:Infinity":0,"s:6:0:6:Infinity":1}}}
,"C:\\Projetos\\notas-fiscais\\backend\\src\\routes\\index.ts": {"path":"C:\\Projetos\\notas-fiscais\\backend\\src\\routes\\index.ts","statementMap":{"0":{"start":{"line":6,"column":6},"end":{"line":6,"column":null}},"1":{"start":{"line":8,"column":0},"end":{"line":8,"column":null}},"2":{"start":{"line":9,"column":0},"end":{"line":9,"column":null}},"3":{"start":{"line":10,"column":0},"end":{"line":10,"column":null}}},"fnMap":{},"branchMap":{},"s":{"0":4,"1":4,"2":4,"3":4},"f":{},"b":{},"meta":{"lastBranch":0,"lastFunction":0,"lastStatement":4,"seen":{"s:6:6:6:Infinity":0,"s:8:0:8:Infinity":1,"s:9:0:9:Infinity":2,"s:10:0:10:Infinity":3}}}
,"C:\\Projetos\\notas-fiscais\\backend\\src\\routes\\invoice.routes.ts": {"path":"C:\\Projetos\\notas-fiscais\\backend\\src\\routes\\invoice.routes.ts","statementMap":{"0":{"start":{"line":15,"column":6},"end":{"line":15,"column":null}},"1":{"start":{"line":17,"column":0},"end":{"line":17,"column":null}},"2":{"start":{"line":18,"column":0},"end":{"line":18,"column":null}},"3":{"start":{"line":20,"column":0},"end":{"line":20,"column":null}},"4":{"start":{"line":21,"column":0},"end":{"line":21,"column":null}},"5":{"start":{"line":22,"column":0},"end":{"line":22,"column":null}},"6":{"start":{"line":23,"column":0},"end":{"line":23,"column":null}},"7":{"start":{"line":24,"column":0},"end":{"line":24,"column":null}},"8":{"start":{"line":25,"column":0},"end":{"line":25,"column":null}},"9":{"start":{"line":26,"column":0},"end":{"line":26,"column":null}},"10":{"start":{"line":27,"column":0},"end":{"line":27,"column":null}}},"fnMap":{},"branchMap":{},"s":{"0":4,"1":4,"2":4,"3":4,"4":4,"5":4,"6":4,"7":4,"8":4,"9":4,"10":4},"f":{},"b":{},"meta":{"lastBranch":0,"lastFunction":0,"lastStatement":11,"seen":{"s:15:6:15:Infinity":0,"s:17:0:17:Infinity":1,"s:18:0:18:Infinity":2,"s:20:0:20:Infinity":3,"s:21:0:21:Infinity":4,"s:22:0:22:Infinity":5,"s:23:0:23:Infinity":6,"s:24:0:24:Infinity":7,"s:25:0:25:Infinity":8,"s:26:0:26:Infinity":9,"s:27:0:27:Infinity":10}}}
,"C:\\Projetos\\notas-fiscais\\backend\\src\\schemas\\auth.schema.ts": {"path":"C:\\Projetos\\notas-fiscais\\backend\\src\\schemas\\auth.schema.ts","statementMap":{"0":{"start":{"line":3,"column":30},"end":{"line":7,"column":null}}},"fnMap":{},"branchMap":{},"s":{"0":4},"f":{},"b":{},"meta":{"lastBranch":0,"lastFunction":0,"lastStatement":1,"seen":{"s:3:30:7:Infinity":0}}}
,"C:\\Projetos\\notas-fiscais\\backend\\src\\schemas\\invoice.schema.ts": {"path":"C:\\Projetos\\notas-fiscais\\backend\\src\\schemas\\invoice.schema.ts","statementMap":{"0":{"start":{"line":3,"column":29},"end":{"line":8,"column":null}},"1":{"start":{"line":10,"column":27},"end":{"line":10,"column":null}},"2":{"start":{"line":12,"column":35},"end":{"line":24,"column":null}},"3":{"start":{"line":22,"column":14},"end":{"line":22,"column":null}},"4":{"start":{"line":26,"column":35},"end":{"line":33,"column":null}},"5":{"start":{"line":35,"column":30},"end":{"line":37,"column":null}},"6":{"start":{"line":39,"column":26},"end":{"line":47,"column":null}},"7":{"start":{"line":49,"column":19},"end":{"line":52,"column":null}},"8":{"start":{"line":51,"column":34},"end":{"line":51,"column":50}},"9":{"start":{"line":54,"column":34},"end":{"line":60,"column":null}},"10":{"start":{"line":62,"column":34},"end":{"line":64,"column":null}}},"fnMap":{"0":{"name":"(anonymous_0)","decl":{"start":{"line":22,"column":4},"end":{"line":22,"column":5}},"loc":{"start":{"line":22,"column":14},"end":{"line":22,"column":null}},"line":22},"1":{"name":"(anonymous_1)","decl":{"start":{"line":51,"column":27},"end":{"line":51,"column":28}},"loc":{"start":{"line":51,"column":34},"end":{"line":51,"column":50}},"line":51}},"branchMap":{},"s":{"0":4,"1":4,"2":4,"3":5,"4":4,"5":4,"6":4,"7":4,"8":28,"9":4,"10":4},"f":{"0":5,"1":28},"b":{},"meta":{"lastBranch":0,"lastFunction":2,"lastStatement":11,"seen":{"s:3:29:8:Infinity":0,"s:10:27:10:Infinity":1,"s:12:35:24:Infinity":2,"f:22:4:22:5":0,"s:22:14:22:Infinity":3,"s:26:35:33:Infinity":4,"s:35:30:37:Infinity":5,"s:39:26:47:Infinity":6,"s:49:19:52:Infinity":7,"f:51:27:51:28":1,"s:51:34:51:50":8,"s:54:34:60:Infinity":9,"s:62:34:64:Infinity":10}}}
,"C:\\Projetos\\notas-fiscais\\backend\\src\\schemas\\login.schema.ts": {"path":"C:\\Projetos\\notas-fiscais\\backend\\src\\schemas\\login.schema.ts","statementMap":{"0":{"start":{"line":3,"column":27},"end":{"line":6,"column":null}}},"fnMap":{},"branchMap":{},"s":{"0":4},"f":{},"b":{},"meta":{"lastBranch":0,"lastFunction":0,"lastStatement":1,"seen":{"s:3:27:6:Infinity":0}}}
,"C:\\Projetos\\notas-fiscais\\backend\\src\\services\\auth.service.ts": {"path":"C:\\Projetos\\notas-fiscais\\backend\\src\\services\\auth.service.ts","statementMap":{"0":{"start":{"line":19,"column":19},"end":{"line":21,"column":null}},"1":{"start":{"line":23,"column":2},"end":{"line":29,"column":null}},"2":{"start":{"line":24,"column":16},"end":{"line":24,"column":null}},"3":{"start":{"line":27,"column":4},"end":{"line":27,"column":null}},"4":{"start":{"line":28,"column":4},"end":{"line":28,"column":null}},"5":{"start":{"line":31,"column":25},"end":{"line":34,"column":null}},"6":{"start":{"line":36,"column":15},"end":{"line":42,"column":null}},"7":{"start":{"line":44,"column":58},"end":{"line":44,"column":null}},"8":{"start":{"line":45,"column":2},"end":{"line":45,"column":null}},"9":{"start":{"line":49,"column":15},"end":{"line":51,"column":null}},"10":{"start":{"line":53,"column":2},"end":{"line":59,"column":null}},"11":{"start":{"line":54,"column":16},"end":{"line":54,"column":null}},"12":{"start":{"line":57,"column":4},"end":{"line":57,"column":null}},"13":{"start":{"line":58,"column":4},"end":{"line":58,"column":null}},"14":{"start":{"line":61,"column":16},"end":{"line":61,"column":null}},"15":{"start":{"line":63,"column":2},"end":{"line":69,"column":null}},"16":{"start":{"line":64,"column":16},"end":{"line":64,"column":null}},"17":{"start":{"line":67,"column":4},"end":{"line":67,"column":null}},"18":{"start":{"line":68,"column":4},"end":{"line":68,"column":null}},"19":{"start":{"line":71,"column":16},"end":{"line":75,"column":null}},"20":{"start":{"line":77,"column":2},"end":{"line":77,"column":null}}},"fnMap":{"0":{"name":"register","decl":{"start":{"line":16,"column":22},"end":{"line":16,"column":null}},"loc":{"start":{"line":18,"column":32},"end":{"line":46,"column":null}},"line":18},"1":{"name":"login","decl":{"start":{"line":48,"column":22},"end":{"line":48,"column":28}},"loc":{"start":{"line":48,"column":75},"end":{"line":78,"column":null}},"line":48}},"branchMap":{"0":{"loc":{"start":{"line":23,"column":2},"end":{"line":29,"column":null}},"type":"if","locations":[{"start":{"line":23,"column":2},"end":{"line":29,"column":null}},{"start":{},"end":{}}],"line":23},"1":{"loc":{"start":{"line":53,"column":2},"end":{"line":59,"column":null}},"type":"if","locations":[{"start":{"line":53,"column":2},"end":{"line":59,"column":null}},{"start":{},"end":{}}],"line":53},"2":{"loc":{"start":{"line":63,"column":2},"end":{"line":69,"column":null}},"type":"if","locations":[{"start":{"line":63,"column":2},"end":{"line":69,"column":null}},{"start":{},"end":{}}],"line":63}},"s":{"0":2,"1":2,"2":1,"3":1,"4":1,"5":1,"6":1,"7":1,"8":1,"9":7,"10":7,"11":5,"12":5,"13":5,"14":2,"15":2,"16":1,"17":1,"18":1,"19":1,"20":1},"f":{"0":2,"1":7},"b":{"0":[1,1],"1":[5,2],"2":[1,1]},"meta":{"lastBranch":3,"lastFunction":2,"lastStatement":21,"seen":{"f:16:22:16:Infinity":0,"s:19:19:21:Infinity":0,"b:23:2:29:Infinity:undefined:undefined:undefined:undefined":0,"s:23:2:29:Infinity":1,"s:24:16:24:Infinity":2,"s:27:4:27:Infinity":3,"s:28:4:28:Infinity":4,"s:31:25:34:Infinity":5,"s:36:15:42:Infinity":6,"s:44:58:44:Infinity":7,"s:45:2:45:Infinity":8,"f:48:22:48:28":1,"s:49:15:51:Infinity":9,"b:53:2:59:Infinity:undefined:undefined:undefined:undefined":1,"s:53:2:59:Infinity":10,"s:54:16:54:Infinity":11,"s:57:4:57:Infinity":12,"s:58:4:58:Infinity":13,"s:61:16:61:Infinity":14,"b:63:2:69:Infinity:undefined:undefined:undefined:undefined":2,"s:63:2:69:Infinity":15,"s:64:16:64:Infinity":16,"s:67:4:67:Infinity":17,"s:68:4:68:Infinity":18,"s:71:16:75:Infinity":19,"s:77:2:77:Infinity":20}}}
,"C:\\Projetos\\notas-fiscais\\backend\\src\\services\\health.service.ts": {"path":"C:\\Projetos\\notas-fiscais\\backend\\src\\services\\health.service.ts","statementMap":{"0":{"start":{"line":2,"column":2},"end":{"line":2,"column":null}}},"fnMap":{"0":{"name":"getHealthStatus","decl":{"start":{"line":1,"column":16},"end":{"line":1,"column":54}},"loc":{"start":{"line":1,"column":54},"end":{"line":3,"column":null}},"line":1}},"branchMap":{},"s":{"0":2},"f":{"0":2},"b":{},"meta":{"lastBranch":0,"lastFunction":1,"lastStatement":1,"seen":{"f:1:16:1:54":0,"s:2:2:2:Infinity":0}}}
,"C:\\Projetos\\notas-fiscais\\backend\\src\\services\\invoice.service.ts": {"path":"C:\\Projetos\\notas-fiscais\\backend\\src\\services\\invoice.service.ts","statementMap":{"0":{"start":{"line":14,"column":14},"end":{"line":14,"column":null}},"1":{"start":{"line":15,"column":2},"end":{"line":15,"column":null}},"2":{"start":{"line":16,"column":2},"end":{"line":16,"column":null}},"3":{"start":{"line":20,"column":14},"end":{"line":20,"column":null}},"4":{"start":{"line":21,"column":2},"end":{"line":21,"column":null}},"5":{"start":{"line":22,"column":2},"end":{"line":22,"column":null}},"6":{"start":{"line":26,"column":2},"end":{"line":36,"column":null}},"7":{"start":{"line":43,"column":55},"end":{"line":43,"column":null}},"8":{"start":{"line":45,"column":16},"end":{"line":49,"column":null}},"9":{"start":{"line":52,"column":4},"end":{"line":54,"column":null}},"10":{"start":{"line":55,"column":20},"end":{"line":55,"column":null}},"11":{"start":{"line":57,"column":28},"end":{"line":65,"column":null}},"12":{"start":{"line":67,"column":21},"end":{"line":67,"column":null}},"13":{"start":{"line":69,"column":2},"end":{"line":77,"column":null}},"14":{"start":{"line":81,"column":18},"end":{"line":83,"column":null}},"15":{"start":{"line":85,"column":2},"end":{"line":87,"column":null}},"16":{"start":{"line":86,"column":4},"end":{"line":86,"column":null}},"17":{"start":{"line":89,"column":2},"end":{"line":89,"column":null}},"18":{"start":{"line":97,"column":18},"end":{"line":99,"column":null}},"19":{"start":{"line":101,"column":2},"end":{"line":103,"column":null}},"20":{"start":{"line":102,"column":4},"end":{"line":102,"column":null}},"21":{"start":{"line":105,"column":2},"end":{"line":107,"column":null}},"22":{"start":{"line":106,"column":4},"end":{"line":106,"column":null}},"23":{"start":{"line":109,"column":2},"end":{"line":121,"column":null}},"24":{"start":{"line":125,"column":18},"end":{"line":127,"column":null}},"25":{"start":{"line":129,"column":2},"end":{"line":131,"column":null}},"26":{"start":{"line":130,"column":4},"end":{"line":130,"column":null}},"27":{"start":{"line":133,"column":2},"end":{"line":135,"column":null}},"28":{"start":{"line":147,"column":41},"end":{"line":156,"column":null}},"29":{"start":{"line":158,"column":17},"end":{"line":158,"column":null}},"30":{"start":{"line":159,"column":19},"end":{"line":159,"column":null}},"31":{"start":{"line":160,"column":18},"end":{"line":160,"column":null}},"32":{"start":{"line":162,"column":2},"end":{"line":162,"column":null}},"33":{"start":{"line":175,"column":17},"end":{"line":179,"column":null}},"34":{"start":{"line":181,"column":31},"end":{"line":186,"column":null}},"35":{"start":{"line":188,"column":2},"end":{"line":190,"column":null}},"36":{"start":{"line":189,"column":4},"end":{"line":189,"column":null}},"37":{"start":{"line":192,"column":2},"end":{"line":192,"column":null}},"38":{"start":{"line":211,"column":20},"end":{"line":211,"column":null}},"39":{"start":{"line":212,"column":2},"end":{"line":216,"column":null}},"40":{"start":{"line":213,"column":4},"end":{"line":213,"column":null}},"41":{"start":{"line":215,"column":4},"end":{"line":215,"column":null}},"42":{"start":{"line":218,"column":15},"end":{"line":225,"column":null}},"43":{"start":{"line":230,"column":2},"end":{"line":234,"column":null}},"44":{"start":{"line":230,"column":28},"end":{"line":234,"column":4}}},"fnMap":{"0":{"name":"throwNotFound","decl":{"start":{"line":13,"column":9},"end":{"line":13,"column":23}},"loc":{"start":{"line":13,"column":47},"end":{"line":17,"column":null}},"line":13},"1":{"name":"throwBadRequest","decl":{"start":{"line":19,"column":9},"end":{"line":19,"column":25}},"loc":{"start":{"line":19,"column":49},"end":{"line":23,"column":null}},"line":19},"2":{"name":"createInvoice","decl":{"start":{"line":25,"column":22},"end":{"line":25,"column":36}},"loc":{"start":{"line":25,"column":78},"end":{"line":37,"column":null}},"line":25},"3":{"name":"getInvoices","decl":{"start":{"line":39,"column":22},"end":{"line":39,"column":null}},"loc":{"start":{"line":42,"column":2},"end":{"line":78,"column":null}},"line":42},"4":{"name":"getInvoiceById","decl":{"start":{"line":80,"column":22},"end":{"line":80,"column":37}},"loc":{"start":{"line":80,"column":65},"end":{"line":90,"column":null}},"line":80},"5":{"name":"updateInvoice","decl":{"start":{"line":92,"column":22},"end":{"line":92,"column":null}},"loc":{"start":{"line":96,"column":2},"end":{"line":122,"column":null}},"line":96},"6":{"name":"deleteInvoice","decl":{"start":{"line":124,"column":22},"end":{"line":124,"column":36}},"loc":{"start":{"line":124,"column":64},"end":{"line":136,"column":null}},"line":124},"7":{"name":"getInvoicesSummary","decl":{"start":{"line":144,"column":22},"end":{"line":144,"column":null}},"loc":{"start":{"line":146,"column":28},"end":{"line":163,"column":null}},"line":146},"8":{"name":"getInvoicesStats","decl":{"start":{"line":172,"column":22},"end":{"line":172,"column":null}},"loc":{"start":{"line":174,"column":26},"end":{"line":193,"column":null}},"line":174},"9":{"name":"getMonthlyMetrics","decl":{"start":{"line":207,"column":22},"end":{"line":207,"column":null}},"loc":{"start":{"line":210,"column":28},"end":{"line":235,"column":null}},"line":210},"10":{"name":"(anonymous_10)","decl":{"start":{"line":230,"column":18},"end":{"line":230,"column":19}},"loc":{"start":{"line":230,"column":28},"end":{"line":234,"column":4}},"line":230}},"branchMap":{"0":{"loc":{"start":{"line":41,"column":2},"end":{"line":41,"column":null}},"type":"default-arg","locations":[{"start":{"line":41,"column":28},"end":{"line":41,"column":null}}],"line":41},"1":{"loc":{"start":{"line":43,"column":10},"end":{"line":43,"column":20}},"type":"default-arg","locations":[{"start":{"line":43,"column":17},"end":{"line":43,"column":20}}],"line":43},"2":{"loc":{"start":{"line":43,"column":20},"end":{"line":43,"column":32}},"type":"default-arg","locations":[{"start":{"line":43,"column":28},"end":{"line":43,"column":32}}],"line":43},"3":{"loc":{"start":{"line":47,"column":8},"end":{"line":47,"column":null}},"type":"binary-expr","locations":[{"start":{"line":47,"column":8},"end":{"line":47,"column":18}},{"start":{"line":47,"column":18},"end":{"line":47,"column":null}}],"line":47},"4":{"loc":{"start":{"line":48,"column":8},"end":{"line":48,"column":null}},"type":"binary-expr","locations":[{"start":{"line":48,"column":8},"end":{"line":48,"column":16}},{"start":{"line":48,"column":16},"end":{"line":48,"column":null}}],"line":48},"5":{"loc":{"start":{"line":52,"column":4},"end":{"line":54,"column":null}},"type":"cond-expr","locations":[{"start":{"line":53,"column":9},"end":{"line":53,"column":null}},{"start":{"line":54,"column":9},"end":{"line":54,"column":null}}],"line":52},"6":{"loc":{"start":{"line":55,"column":20},"end":{"line":55,"column":null}},"type":"cond-expr","locations":[{"start":{"line":55,"column":44},"end":{"line":55,"column":60}},{"start":{"line":55,"column":60},"end":{"line":55,"column":null}}],"line":55},"7":{"loc":{"start":{"line":60,"column":15},"end":{"line":60,"column":null}},"type":"cond-expr","locations":[{"start":{"line":60,"column":27},"end":{"line":60,"column":52}},{"start":{"line":60,"column":52},"end":{"line":60,"column":null}}],"line":60},"8":{"loc":{"start":{"line":85,"column":2},"end":{"line":87,"column":null}},"type":"if","locations":[{"start":{"line":85,"column":2},"end":{"line":87,"column":null}},{"start":{},"end":{}}],"line":85},"9":{"loc":{"start":{"line":101,"column":2},"end":{"line":103,"column":null}},"type":"if","locations":[{"start":{"line":101,"column":2},"end":{"line":103,"column":null}},{"start":{},"end":{}}],"line":101},"10":{"loc":{"start":{"line":105,"column":2},"end":{"line":107,"column":null}},"type":"if","locations":[{"start":{"line":105,"column":2},"end":{"line":107,"column":null}},{"start":{},"end":{}}],"line":105},"11":{"loc":{"start":{"line":112,"column":10},"end":{"line":112,"column":null}},"type":"binary-expr","locations":[{"start":{"line":112,"column":10},"end":{"line":112,"column":39}},{"start":{"line":112,"column":39},"end":{"line":112,"column":null}}],"line":112},"12":{"loc":{"start":{"line":113,"column":10},"end":{"line":113,"column":null}},"type":"binary-expr","locations":[{"start":{"line":113,"column":10},"end":{"line":113,"column":39}},{"start":{"line":113,"column":39},"end":{"line":113,"column":null}}],"line":113},"13":{"loc":{"start":{"line":114,"column":10},"end":{"line":116,"column":null}},"type":"binary-expr","locations":[{"start":{"line":114,"column":10},"end":{"line":114,"column":42}},{"start":{"line":114,"column":42},"end":{"line":116,"column":null}}],"line":114},"14":{"loc":{"start":{"line":117,"column":10},"end":{"line":117,"column":null}},"type":"binary-expr","locations":[{"start":{"line":117,"column":10},"end":{"line":117,"column":40}},{"start":{"line":117,"column":40},"end":{"line":117,"column":null}}],"line":117},"15":{"loc":{"start":{"line":118,"column":10},"end":{"line":118,"column":null}},"type":"binary-expr","locations":[{"start":{"line":118,"column":10},"end":{"line":118,"column":39}},{"start":{"line":118,"column":39},"end":{"line":118,"column":null}}],"line":118},"16":{"loc":{"start":{"line":119,"column":10},"end":{"line":119,"column":null}},"type":"binary-expr","locations":[{"start":{"line":119,"column":10},"end":{"line":119,"column":37}},{"start":{"line":119,"column":37},"end":{"line":119,"column":null}}],"line":119},"17":{"loc":{"start":{"line":129,"column":2},"end":{"line":131,"column":null}},"type":"if","locations":[{"start":{"line":129,"column":2},"end":{"line":131,"column":null}},{"start":{},"end":{}}],"line":129},"18":{"loc":{"start":{"line":158,"column":24},"end":{"line":158,"column":53}},"type":"binary-expr","locations":[{"start":{"line":158,"column":24},"end":{"line":158,"column":52}},{"start":{"line":158,"column":52},"end":{"line":158,"column":53}}],"line":158},"19":{"loc":{"start":{"line":159,"column":26},"end":{"line":159,"column":57}},"type":"binary-expr","locations":[{"start":{"line":159,"column":26},"end":{"line":159,"column":56}},{"start":{"line":159,"column":56},"end":{"line":159,"column":57}}],"line":159},"20":{"loc":{"start":{"line":212,"column":2},"end":{"line":216,"column":null}},"type":"if","locations":[{"start":{"line":212,"column":2},"end":{"line":216,"column":null}},{"start":{"line":214,"column":9},"end":{"line":216,"column":null}}],"line":212}},"s":{"0":5,"1":5,"2":5,"3":1,"4":1,"5":1,"6":4,"7":17,"8":17,"9":17,"10":17,"11":17,"12":17,"13":17,"14":4,"15":4,"16":3,"17":1,"18":3,"19":3,"20":1,"21":2,"22":1,"23":1,"24":2,"25":2,"26":1,"27":1,"28":2,"29":2,"30":2,"31":2,"32":2,"33":2,"34":2,"35":2,"36":2,"37":2,"38":2,"39":2,"40":0,"41":2,"42":2,"43":2,"44":1},"f":{"0":5,"1":1,"2":4,"3":17,"4":4,"5":3,"6":2,"7":2,"8":2,"9":2,"10":1},"b":{"0":[17],"1":[17],"2":[17],"3":[17,4],"4":[17,4],"5":[1,16],"6":[1,16],"7":[2,15],"8":[3,1],"9":[1,2],"10":[1,1],"11":[1,0],"12":[3,1],"13":[3,0],"14":[3,0],"15":[3,1],"16":[3,0],"17":[1,1],"18":[2,1],"19":[2,1],"20":[0,2]},"meta":{"lastBranch":21,"lastFunction":11,"lastStatement":45,"seen":{"f:13:9:13:23":0,"s:14:14:14:Infinity":0,"s:15:2:15:Infinity":1,"s:16:2:16:Infinity":2,"f:19:9:19:25":1,"s:20:14:20:Infinity":3,"s:21:2:21:Infinity":4,"s:22:2:22:Infinity":5,"f:25:22:25:36":2,"s:26:2:36:Infinity":6,"f:39:22:39:Infinity":3,"b:41:28:41:Infinity":0,"s:43:55:43:Infinity":7,"b:43:17:43:20":1,"b:43:28:43:32":2,"s:45:16:49:Infinity":8,"b:47:8:47:18:47:18:47:Infinity":3,"b:48:8:48:16:48:16:48:Infinity":4,"s:52:4:54:Infinity":9,"b:53:9:53:Infinity:54:9:54:Infinity":5,"s:55:20:55:Infinity":10,"b:55:44:55:60:55:60:55:Infinity":6,"s:57:28:65:Infinity":11,"b:60:27:60:52:60:52:60:Infinity":7,"s:67:21:67:Infinity":12,"s:69:2:77:Infinity":13,"f:80:22:80:37":4,"s:81:18:83:Infinity":14,"b:85:2:87:Infinity:undefined:undefined:undefined:undefined":8,"s:85:2:87:Infinity":15,"s:86:4:86:Infinity":16,"s:89:2:89:Infinity":17,"f:92:22:92:Infinity":5,"s:97:18:99:Infinity":18,"b:101:2:103:Infinity:undefined:undefined:undefined:undefined":9,"s:101:2:103:Infinity":19,"s:102:4:102:Infinity":20,"b:105:2:107:Infinity:undefined:undefined:undefined:undefined":10,"s:105:2:107:Infinity":21,"s:106:4:106:Infinity":22,"s:109:2:121:Infinity":23,"b:112:10:112:39:112:39:112:Infinity":11,"b:113:10:113:39:113:39:113:Infinity":12,"b:114:10:114:42:114:42:116:Infinity":13,"b:117:10:117:40:117:40:117:Infinity":14,"b:118:10:118:39:118:39:118:Infinity":15,"b:119:10:119:37:119:37:119:Infinity":16,"f:124:22:124:36":6,"s:125:18:127:Infinity":24,"b:129:2:131:Infinity:undefined:undefined:undefined:undefined":17,"s:129:2:131:Infinity":25,"s:130:4:130:Infinity":26,"s:133:2:135:Infinity":27,"f:144:22:144:Infinity":7,"s:147:41:156:Infinity":28,"s:158:17:158:Infinity":29,"b:158:24:158:52:158:52:158:53":18,"s:159:19:159:Infinity":30,"b:159:26:159:56:159:56:159:57":19,"s:160:18:160:Infinity":31,"s:162:2:162:Infinity":32,"f:172:22:172:Infinity":8,"s:175:17:179:Infinity":33,"s:181:31:186:Infinity":34,"s:188:2:190:Infinity":35,"s:189:4:189:Infinity":36,"s:192:2:192:Infinity":37,"f:207:22:207:Infinity":9,"s:211:20:211:Infinity":38,"b:212:2:216:Infinity:214:9:216:Infinity":20,"s:212:2:216:Infinity":39,"s:213:4:213:Infinity":40,"s:215:4:215:Infinity":41,"s:218:15:225:Infinity":42,"s:230:2:234:Infinity":43,"f:230:18:230:19":10,"s:230:28:234:4":44}}}
,"C:\\Projetos\\notas-fiscais\\backend\\tests\\helpers\\auth.ts": {"path":"C:\\Projetos\\notas-fiscais\\backend\\tests\\helpers\\auth.ts","statementMap":{"0":{"start":{"line":8,"column":34},"end":{"line":8,"column":null}},"1":{"start":{"line":26,"column":24},"end":{"line":26,"column":null}},"2":{"start":{"line":27,"column":25},"end":{"line":27,"column":null}},"3":{"start":{"line":29,"column":15},"end":{"line":35,"column":null}},"4":{"start":{"line":37,"column":2},"end":{"line":37,"column":null}},"5":{"start":{"line":45,"column":2},"end":{"line":49,"column":null}},"6":{"start":{"line":56,"column":2},"end":{"line":58,"column":null}},"7":{"start":{"line":70,"column":19},"end":{"line":70,"column":null}},"8":{"start":{"line":71,"column":16},"end":{"line":71,"column":null}},"9":{"start":{"line":72,"column":18},"end":{"line":72,"column":null}},"10":{"start":{"line":73,"column":2},"end":{"line":73,"column":null}}},"fnMap":{"0":{"name":"createTestUser","decl":{"start":{"line":23,"column":22},"end":{"line":23,"column":null}},"loc":{"start":{"line":25,"column":50},"end":{"line":38,"column":null}},"line":25},"1":{"name":"signToken","decl":{"start":{"line":44,"column":16},"end":{"line":44,"column":26}},"loc":{"start":{"line":44,"column":65},"end":{"line":50,"column":null}},"line":44},"2":{"name":"getAuthHeader","decl":{"start":{"line":55,"column":16},"end":{"line":55,"column":30}},"loc":{"start":{"line":55,"column":72},"end":{"line":59,"column":null}},"line":55},"3":{"name":"createAuthenticatedUser","decl":{"start":{"line":65,"column":22},"end":{"line":65,"column":null}},"loc":{"start":{"line":69,"column":3},"end":{"line":74,"column":null}},"line":69}},"branchMap":{"0":{"loc":{"start":{"line":24,"column":2},"end":{"line":24,"column":null}},"type":"default-arg","locations":[{"start":{"line":24,"column":39},"end":{"line":24,"column":null}}],"line":24},"1":{"loc":{"start":{"line":26,"column":24},"end":{"line":26,"column":null}},"type":"binary-expr","locations":[{"start":{"line":26,"column":24},"end":{"line":26,"column":46}},{"start":{"line":26,"column":46},"end":{"line":26,"column":null}}],"line":26},"2":{"loc":{"start":{"line":31,"column":12},"end":{"line":31,"column":null}},"type":"binary-expr","locations":[{"start":{"line":31,"column":12},"end":{"line":31,"column":30}},{"start":{"line":31,"column":30},"end":{"line":31,"column":null}}],"line":31},"3":{"loc":{"start":{"line":32,"column":13},"end":{"line":32,"column":null}},"type":"binary-expr","locations":[{"start":{"line":32,"column":13},"end":{"line":32,"column":32}},{"start":{"line":32,"column":32},"end":{"line":32,"column":null}}],"line":32}},"s":{"0":3,"1":50,"2":50,"3":50,"4":50,"5":43,"6":43,"7":40,"8":40,"9":40,"10":40},"f":{"0":50,"1":43,"2":43,"3":40},"b":{"0":[50],"1":[50,50],"2":[50,50],"3":[50,45]},"meta":{"lastBranch":4,"lastFunction":4,"lastStatement":11,"seen":{"s:8:34:8:Infinity":0,"f:23:22:23:Infinity":0,"b:24:39:24:Infinity":0,"s:26:24:26:Infinity":1,"b:26:24:26:46:26:46:26:Infinity":1,"s:27:25:27:Infinity":2,"s:29:15:35:Infinity":3,"b:31:12:31:30:31:30:31:Infinity":2,"b:32:13:32:32:32:32:32:Infinity":3,"s:37:2:37:Infinity":4,"f:44:16:44:26":1,"s:45:2:49:Infinity":5,"f:55:16:55:30":2,"s:56:2:58:Infinity":6,"f:65:22:65:Infinity":3,"s:70:19:70:Infinity":7,"s:71:16:71:Infinity":8,"s:72:18:72:Infinity":9,"s:73:2:73:Infinity":10}}}
,"C:\\Projetos\\notas-fiscais\\backend\\tests\\helpers\\db.ts": {"path":"C:\\Projetos\\notas-fiscais\\backend\\tests\\helpers\\db.ts","statementMap":{"0":{"start":{"line":3,"column":22},"end":{"line":3,"column":null}},"1":{"start":{"line":11,"column":2},"end":{"line":11,"column":null}},"2":{"start":{"line":12,"column":2},"end":{"line":12,"column":null}}},"fnMap":{"0":{"name":"truncateForTests","decl":{"start":{"line":10,"column":22},"end":{"line":10,"column":56}},"loc":{"start":{"line":10,"column":56},"end":{"line":13,"column":null}},"line":10}},"branchMap":{},"s":{"0":3,"1":52,"2":52},"f":{"0":52},"b":{},"meta":{"lastBranch":0,"lastFunction":1,"lastStatement":3,"seen":{"s:3:22:3:Infinity":0,"f:10:22:10:56":0,"s:11:2:11:Infinity":1,"s:12:2:12:Infinity":2}}}
,"C:\\Projetos\\notas-fiscais\\backend\\tests\\helpers\\invoices.ts": {"path":"C:\\Projetos\\notas-fiscais\\backend\\tests\\helpers\\invoices.ts","statementMap":{"0":{"start":{"line":21,"column":14},"end":{"line":21,"column":null}},"1":{"start":{"line":22,"column":2},"end":{"line":32,"column":null}},"2":{"start":{"line":43,"column":30},"end":{"line":43,"column":null}},"3":{"start":{"line":44,"column":15},"end":{"line":44,"column":null}},"4":{"start":{"line":46,"column":2},"end":{"line":51,"column":null}},"5":{"start":{"line":46,"column":15},"end":{"line":46,"column":18}},"6":{"start":{"line":47,"column":20},"end":{"line":49,"column":null}},"7":{"start":{"line":50,"column":4},"end":{"line":50,"column":null}},"8":{"start":{"line":53,"column":2},"end":{"line":53,"column":null}},"9":{"start":{"line":61,"column":15},"end":{"line":66,"column":null}},"10":{"start":{"line":67,"column":15},"end":{"line":72,"column":null}},"11":{"start":{"line":73,"column":15},"end":{"line":78,"column":null}},"12":{"start":{"line":79,"column":15},"end":{"line":84,"column":null}},"13":{"start":{"line":85,"column":15},"end":{"line":90,"column":null}},"14":{"start":{"line":91,"column":2},"end":{"line":91,"column":null}}},"fnMap":{"0":{"name":"createTestInvoice","decl":{"start":{"line":17,"column":22},"end":{"line":17,"column":null}},"loc":{"start":{"line":20,"column":20},"end":{"line":33,"column":null}},"line":20},"1":{"name":"createTestInvoices","decl":{"start":{"line":39,"column":22},"end":{"line":39,"column":null}},"loc":{"start":{"line":42,"column":22},"end":{"line":54,"column":null}},"line":42},"2":{"name":"seedInvoicesDataset","decl":{"start":{"line":60,"column":22},"end":{"line":60,"column":42}},"loc":{"start":{"line":60,"column":78},"end":{"line":92,"column":null}},"line":60}},"branchMap":{"0":{"loc":{"start":{"line":19,"column":2},"end":{"line":19,"column":null}},"type":"default-arg","locations":[{"start":{"line":19,"column":42},"end":{"line":19,"column":null}}],"line":19},"1":{"loc":{"start":{"line":24,"column":14},"end":{"line":24,"column":null}},"type":"binary-expr","locations":[{"start":{"line":24,"column":14},"end":{"line":24,"column":34}},{"start":{"line":24,"column":34},"end":{"line":24,"column":null}}],"line":24},"2":{"loc":{"start":{"line":25,"column":14},"end":{"line":25,"column":null}},"type":"binary-expr","locations":[{"start":{"line":25,"column":14},"end":{"line":25,"column":34}},{"start":{"line":25,"column":34},"end":{"line":25,"column":null}}],"line":25},"3":{"loc":{"start":{"line":26,"column":17},"end":{"line":26,"column":null}},"type":"binary-expr","locations":[{"start":{"line":26,"column":17},"end":{"line":26,"column":40}},{"start":{"line":26,"column":40},"end":{"line":26,"column":null}}],"line":26},"4":{"loc":{"start":{"line":27,"column":15},"end":{"line":27,"column":null}},"type":"binary-expr","locations":[{"start":{"line":27,"column":15},"end":{"line":27,"column":36}},{"start":{"line":27,"column":36},"end":{"line":27,"column":null}}],"line":27},"5":{"loc":{"start":{"line":28,"column":14},"end":{"line":28,"column":null}},"type":"binary-expr","locations":[{"start":{"line":28,"column":14},"end":{"line":28,"column":34}},{"start":{"line":28,"column":34},"end":{"line":28,"column":null}}],"line":28},"6":{"loc":{"start":{"line":29,"column":12},"end":{"line":29,"column":null}},"type":"binary-expr","locations":[{"start":{"line":29,"column":12},"end":{"line":29,"column":30}},{"start":{"line":29,"column":30},"end":{"line":29,"column":null}}],"line":29}},"s":{"0":98,"1":98,"2":0,"3":0,"4":0,"5":0,"6":0,"7":0,"8":0,"9":17,"10":17,"11":17,"12":17,"13":17,"14":17},"f":{"0":98,"1":0,"2":17},"b":{"0":[98],"1":[98,10],"2":[98,13],"3":[98,98],"4":[98,98],"5":[98,12],"6":[98,13]},"meta":{"lastBranch":7,"lastFunction":3,"lastStatement":15,"seen":{"f:17:22:17:Infinity":0,"b:19:42:19:Infinity":0,"s:21:14:21:Infinity":0,"s:22:2:32:Infinity":1,"b:24:14:24:34:24:34:24:Infinity":1,"b:25:14:25:34:25:34:25:Infinity":2,"b:26:17:26:40:26:40:26:Infinity":3,"b:27:15:27:36:27:36:27:Infinity":4,"b:28:14:28:34:28:34:28:Infinity":5,"b:29:12:29:30:29:30:29:Infinity":6,"f:39:22:39:Infinity":1,"s:43:30:43:Infinity":2,"s:44:15:44:Infinity":3,"s:46:2:51:Infinity":4,"s:46:15:46:18":5,"s:47:20:49:Infinity":6,"s:50:4:50:Infinity":7,"s:53:2:53:Infinity":8,"f:60:22:60:42":2,"s:61:15:66:Infinity":9,"s:67:15:72:Infinity":10,"s:73:15:78:Infinity":11,"s:79:15:84:Infinity":12,"s:85:15:90:Infinity":13,"s:91:2:91:Infinity":14}}}
,"C:\\Projetos\\notas-fiscais\\backend\\tests\\helpers\\request.ts": {"path":"C:\\Projetos\\notas-fiscais\\backend\\tests\\helpers\\request.ts","statementMap":{"0":{"start":{"line":9,"column":2},"end":{"line":9,"column":null}}},"fnMap":{"0":{"name":"requestApp","decl":{"start":{"line":8,"column":16},"end":{"line":8,"column":57}},"loc":{"start":{"line":8,"column":57},"end":{"line":10,"column":null}},"line":8}},"branchMap":{},"s":{"0":76},"f":{"0":76},"b":{},"meta":{"lastBranch":0,"lastFunction":1,"lastStatement":1,"seen":{"f:8:16:8:57":0,"s:9:2:9:Infinity":0}}}
}
